This is pdfTeX, Version 3.141592653-2.6-1.40.22 (TeX Live 2022/dev/Debian) (preloaded format=pdflatex 2026.1.29)  30 APR 2026 10:17
entering extended mode
 restricted \write18 enabled.
 %&-line parsing enabled.
**sprawozdanie.tex
(./sprawozdanie.tex
LaTeX2e <2021-11-15> patch level 1
L3 programming layer <2022-01-21>
(/usr/share/texlive/texmf-dist/tex/latex/base/article.cls
Document Class: article 2021/10/04 v1.4n Standard LaTeX document class
(/usr/share/texlive/texmf-dist/tex/latex/base/size12.clo
File: size12.clo 2021/10/04 v1.4n Standard LaTeX file (size option)
)
\c@part=\count185
\c@section=\count186
\c@subsection=\count187
\c@subsubsection=\count188
\c@paragraph=\count189
\c@subparagraph=\count190
\c@figure=\count191
\c@table=\count192
\abovecaptionskip=\skip47
\belowcaptionskip=\skip48
\bibindent=\dimen138
)
(/usr/share/texlive/texmf-dist/tex/latex/base/inputenc.sty
Package: inputenc 2021/02/14 v1.3d Input encoding file
\inpenc@prehook=\toks16
\inpenc@posthook=\toks17
)
(/usr/share/texlive/texmf-dist/tex/latex/base/fontenc.sty
Package: fontenc 2021/04/29 v2.0v Standard LaTeX package
)
(/usr/share/texlive/texmf-dist/tex/generic/babel/babel.sty
Package: babel 2022/01/26 3.70 The Babel package
\babel@savecnt=\count193
\U@D=\dimen139
\l@unhyphenated=\language3

(/usr/share/texlive/texmf-dist/tex/generic/babel/txtbabel.def)
\bbl@readstream=\read2
\bbl@dirlevel=\count194
Package babel Info: You haven't specified a language. I'll use 'nil'
(babel)             as the main language. Reported on input line 4299.

(/usr/share/texlive/texmf-dist/tex/generic/babel/nil.ldf
Language: nil 2022/01/26 3.70 Nil language
\l@nil=\language4
))
(/usr/share/texlive/texmf-dist/tex/latex/amsmath/amsmath.sty
Package: amsmath 2021/10/15 v2.17l AMS math features
\@mathmargin=\skip49

For additional information on amsmath, use the `?' option.
(/usr/share/texlive/texmf-dist/tex/latex/amsmath/amstext.sty
Package: amstext 2021/08/26 v2.01 AMS text

(/usr/share/texlive/texmf-dist/tex/latex/amsmath/amsgen.sty
File: amsgen.sty 1999/11/30 v2.0 generic functions
\@emptytoks=\toks18
\ex@=\dimen140
))
(/usr/share/texlive/texmf-dist/tex/latex/amsmath/amsbsy.sty
Package: amsbsy 1999/11/29 v1.2d Bold Symbols
\pmbraise@=\dimen141
)
(/usr/share/texlive/texmf-dist/tex/latex/amsmath/amsopn.sty
Package: amsopn 2021/08/26 v2.02 operator names
)
\inf@bad=\count195
LaTeX Info: Redefining \frac on input line 234.
\uproot@=\count196
\leftroot@=\count197
LaTeX Info: Redefining \overline on input line 399.
\classnum@=\count198
\DOTSCASE@=\count199
LaTeX Info: Redefining \ldots on input line 496.
LaTeX Info: Redefining \dots on input line 499.
LaTeX Info: Redefining \cdots on input line 620.
\Mathstrutbox@=\box50
\strutbox@=\box51
\big@size=\dimen142
LaTeX Font Info:    Redeclaring font encoding OML on input line 743.
LaTeX Font Info:    Redeclaring font encoding OMS on input line 744.
\macc@depth=\count266
\c@MaxMatrixCols=\count267
\dotsspace@=\muskip16
\c@parentequation=\count268
\dspbrk@lvl=\count269
\tag@help=\toks19
\row@=\count270
\column@=\count271
\maxfields@=\count272
\andhelp@=\toks20
\eqnshift@=\dimen143
\alignsep@=\dimen144
\tagshift@=\dimen145
\tagwidth@=\dimen146
\totwidth@=\dimen147
\lineht@=\dimen148
\@envbody=\toks21
\multlinegap=\skip50
\multlinetaggap=\skip51
\mathdisplay@stack=\toks22
LaTeX Info: Redefining \[ on input line 2938.
LaTeX Info: Redefining \] on input line 2939.
)
(/usr/share/texlive/texmf-dist/tex/latex/amsfonts/amssymb.sty
Package: amssymb 2013/01/14 v3.01 AMS font symbols

(/usr/share/texlive/texmf-dist/tex/latex/amsfonts/amsfonts.sty
Package: amsfonts 2013/01/14 v3.01 Basic AMSFonts support
\symAMSa=\mathgroup4
\symAMSb=\mathgroup5
LaTeX Font Info:    Redeclaring math symbol \hbar on input line 98.
LaTeX Font Info:    Overwriting math alphabet `\mathfrak' in version `bold'
(Font)                  U/euf/m/n --> U/euf/b/n on input line 106.
))
(/usr/share/texlive/texmf-dist/tex/latex/graphics/graphicx.sty
Package: graphicx 2021/09/16 v1.2d Enhanced LaTeX Graphics (DPC,SPQR)

(/usr/share/texlive/texmf-dist/tex/latex/graphics/keyval.sty
Package: keyval 2014/10/28 v1.15 key=value parser (DPC)
\KV@toks@=\toks23
)
(/usr/share/texlive/texmf-dist/tex/latex/graphics/graphics.sty
Package: graphics 2021/03/04 v1.4d Standard LaTeX Graphics (DPC,SPQR)

(/usr/share/texlive/texmf-dist/tex/latex/graphics/trig.sty
Package: trig 2021/08/11 v1.11 sin cos tan (DPC)
)
(/usr/share/texlive/texmf-dist/tex/latex/graphics-cfg/graphics.cfg
File: graphics.cfg 2016/06/04 v1.11 sample graphics configuration
)
Package graphics Info: Driver file: pdftex.def on input line 107.

(/usr/share/texlive/texmf-dist/tex/latex/graphics-def/pdftex.def
File: pdftex.def 2020/10/05 v1.2a Graphics/color driver for pdftex
))
\Gin@req@height=\dimen149
\Gin@req@width=\dimen150
)
(/usr/share/texlive/texmf-dist/tex/latex/float/float.sty
Package: float 2001/11/08 v1.3d Float enhancements (AL)
\c@float@type=\count273
\float@exts=\toks24
\float@box=\box52
\@float@everytoks=\toks25
\@floatcapt=\box53
)
(/usr/share/texlive/texmf-dist/tex/latex/caption/caption.sty
Package: caption 2020/10/26 v3.5g Customizing captions (AR)

(/usr/share/texlive/texmf-dist/tex/latex/caption/caption3.sty
Package: caption3 2020/10/21 v2.2e caption3 kernel (AR)
\captionmargin=\dimen151
\captionmargin@=\dimen152
\captionwidth=\dimen153
\caption@tempdima=\dimen154
\caption@indent=\dimen155
\caption@parindent=\dimen156
\caption@hangindent=\dimen157
Package caption Info: Standard document class detected.
)
\c@caption@flags=\count274
\c@continuedfloat=\count275
Package caption Info: float package is loaded.
)
(/usr/share/texlive/texmf-dist/tex/latex/caption/subcaption.sty
Package: subcaption 2020/10/07 v1.3j Sub-captions (AR)
\c@subfigure=\count276
\c@subtable=\count277
)
(/usr/share/texlive/texmf-dist/tex/latex/booktabs/booktabs.sty
Package: booktabs 2020/01/12 v1.61803398 Publication quality tables
\heavyrulewidth=\dimen158
\lightrulewidth=\dimen159
\cmidrulewidth=\dimen160
\belowrulesep=\dimen161
\belowbottomsep=\dimen162
\aboverulesep=\dimen163
\abovetopsep=\dimen164
\cmidrulesep=\dimen165
\cmidrulekern=\dimen166
\defaultaddspace=\dimen167
\@cmidla=\count278
\@cmidlb=\count279
\@aboverulesep=\dimen168
\@belowrulesep=\dimen169
\@thisruleclass=\count280
\@lastruleclass=\count281
\@thisrulewidth=\dimen170
)
(/usr/share/texlive/texmf-dist/tex/latex/geometry/geometry.sty
Package: geometry 2020/01/02 v5.9 Page Geometry

(/usr/share/texlive/texmf-dist/tex/generic/iftex/ifvtex.sty
Package: ifvtex 2019/10/25 v1.7 ifvtex legacy package. Use iftex instead.

(/usr/share/texlive/texmf-dist/tex/generic/iftex/iftex.sty
Package: iftex 2020/03/06 v1.0d TeX engine tests
))
\Gm@cnth=\count282
\Gm@cntv=\count283
\c@Gm@tempcnt=\count284
\Gm@bindingoffset=\dimen171
\Gm@wd@mp=\dimen172
\Gm@odd@mp=\dimen173
\Gm@even@mp=\dimen174
\Gm@layoutwidth=\dimen175
\Gm@layoutheight=\dimen176
\Gm@layouthoffset=\dimen177
\Gm@layoutvoffset=\dimen178
\Gm@dimlist=\toks26
)
(/usr/share/texlive/texmf-dist/tex/latex/hyperref/hyperref.sty
Package: hyperref 2021-06-07 v7.00m Hypertext links for LaTeX

(/usr/share/texlive/texmf-dist/tex/generic/ltxcmds/ltxcmds.sty
Package: ltxcmds 2020-05-10 v1.25 LaTeX kernel commands for general use (HO)
)
(/usr/share/texlive/texmf-dist/tex/generic/pdftexcmds/pdftexcmds.sty
Package: pdftexcmds 2020-06-27 v0.33 Utility functions of pdfTeX for LuaTeX (HO
)

(/usr/share/texlive/texmf-dist/tex/generic/infwarerr/infwarerr.sty
Package: infwarerr 2019/12/03 v1.5 Providing info/warning/error messages (HO)
)
Package pdftexcmds Info: \pdf@primitive is available.
Package pdftexcmds Info: \pdf@ifprimitive is available.
Package pdftexcmds Info: \pdfdraftmode found.
)
(/usr/share/texlive/texmf-dist/tex/generic/kvsetkeys/kvsetkeys.sty
Package: kvsetkeys 2019/12/15 v1.18 Key value parser (HO)
)
(/usr/share/texlive/texmf-dist/tex/generic/kvdefinekeys/kvdefinekeys.sty
Package: kvdefinekeys 2019-12-19 v1.6 Define keys (HO)
)
(/usr/share/texlive/texmf-dist/tex/generic/pdfescape/pdfescape.sty
Package: pdfescape 2019/12/09 v1.15 Implements pdfTeX's escape features (HO)
)
(/usr/share/texlive/texmf-dist/tex/latex/hycolor/hycolor.sty
Package: hycolor 2020-01-27 v1.10 Color options for hyperref/bookmark (HO)
)
(/usr/share/texlive/texmf-dist/tex/latex/letltxmacro/letltxmacro.sty
Package: letltxmacro 2019/12/03 v1.6 Let assignment for LaTeX macros (HO)
)
(/usr/share/texlive/texmf-dist/tex/latex/auxhook/auxhook.sty
Package: auxhook 2019-12-17 v1.6 Hooks for auxiliary files (HO)
)
(/usr/share/texlive/texmf-dist/tex/latex/kvoptions/kvoptions.sty
Package: kvoptions 2020-10-07 v3.14 Key value format for package options (HO)
)
\@linkdim=\dimen179
\Hy@linkcounter=\count285
\Hy@pagecounter=\count286

(/usr/share/texlive/texmf-dist/tex/latex/hyperref/pd1enc.def
File: pd1enc.def 2021-06-07 v7.00m Hyperref: PDFDocEncoding definition (HO)
Now handling font encoding PD1 ...
... no UTF-8 mapping file for font encoding PD1
)
(/usr/share/texlive/texmf-dist/tex/latex/hyperref/hyperref-langpatches.def
File: hyperref-langpatches.def 2021-06-07 v7.00m Hyperref: patches for babel la
nguages
)
(/usr/share/texlive/texmf-dist/tex/generic/intcalc/intcalc.sty
Package: intcalc 2019/12/15 v1.3 Expandable calculations with integers (HO)
)
(/usr/share/texlive/texmf-dist/tex/generic/etexcmds/etexcmds.sty
Package: etexcmds 2019/12/15 v1.7 Avoid name clashes with e-TeX commands (HO)
)
\Hy@SavedSpaceFactor=\count287

(/usr/share/texlive/texmf-dist/tex/latex/hyperref/puenc.def
File: puenc.def 2021-06-07 v7.00m Hyperref: PDF Unicode definition (HO)
Now handling font encoding PU ...
... no UTF-8 mapping file for font encoding PU
)
Package hyperref Info: Hyper figures OFF on input line 4192.
Package hyperref Info: Link nesting OFF on input line 4197.
Package hyperref Info: Hyper index ON on input line 4200.
Package hyperref Info: Plain pages OFF on input line 4207.
Package hyperref Info: Backreferencing OFF on input line 4212.
Package hyperref Info: Implicit mode ON; LaTeX internals redefined.
Package hyperref Info: Bookmarks ON on input line 4445.
\c@Hy@tempcnt=\count288

(/usr/share/texlive/texmf-dist/tex/latex/url/url.sty
\Urlmuskip=\muskip17
Package: url 2013/09/16  ver 3.4  Verb mode for urls, etc.
)
LaTeX Info: Redefining \url on input line 4804.
\XeTeXLinkMargin=\dimen180

(/usr/share/texlive/texmf-dist/tex/generic/bitset/bitset.sty
Package: bitset 2019/12/09 v1.3 Handle bit-vector datatype (HO)

(/usr/share/texlive/texmf-dist/tex/generic/bigintcalc/bigintcalc.sty
Package: bigintcalc 2019/12/15 v1.5 Expandable calculations on big integers (HO
)
))
\Fld@menulength=\count289
\Field@Width=\dimen181
\Fld@charsize=\dimen182
Package hyperref Info: Hyper figures OFF on input line 6076.
Package hyperref Info: Link nesting OFF on input line 6081.
Package hyperref Info: Hyper index ON on input line 6084.
Package hyperref Info: backreferencing OFF on input line 6091.
Package hyperref Info: Link coloring OFF on input line 6096.
Package hyperref Info: Link coloring with OCG OFF on input line 6101.
Package hyperref Info: PDF/A mode OFF on input line 6106.
LaTeX Info: Redefining \ref on input line 6146.
LaTeX Info: Redefining \pageref on input line 6150.

(/usr/share/texlive/texmf-dist/tex/latex/base/atbegshi-ltx.sty
Package: atbegshi-ltx 2021/01/10 v1.0c Emulation of the original atbegshi
package with kernel methods
)
\Hy@abspage=\count290
\c@Item=\count291
\c@Hfootnote=\count292
)
Package hyperref Info: Driver (autodetected): hpdftex.

(/usr/share/texlive/texmf-dist/tex/latex/hyperref/hpdftex.def
File: hpdftex.def 2021-06-07 v7.00m Hyperref driver for pdfTeX

(/usr/share/texlive/texmf-dist/tex/latex/base/atveryend-ltx.sty
Package: atveryend-ltx 2020/08/19 v1.0a Emulation of the original atveryend pac
kage
with kernel methods
)
\Fld@listcount=\count293
\c@bookmark@seq@number=\count294

(/usr/share/texlive/texmf-dist/tex/latex/rerunfilecheck/rerunfilecheck.sty
Package: rerunfilecheck 2019/12/05 v1.9 Rerun checks for auxiliary files (HO)

(/usr/share/texlive/texmf-dist/tex/generic/uniquecounter/uniquecounter.sty
Package: uniquecounter 2019/12/15 v1.4 Provide unlimited unique counter (HO)
)
Package uniquecounter Info: New unique counter `rerunfilecheck' on input line 2
86.
)
\Hy@SectionHShift=\skip52
)
(/usr/share/texlive/texmf-dist/tex/latex/listings/listings.sty
\lst@mode=\count295
\lst@gtempboxa=\box54
\lst@token=\toks27
\lst@length=\count296
\lst@currlwidth=\dimen183
\lst@column=\count297
\lst@pos=\count298
\lst@lostspace=\dimen184
\lst@width=\dimen185
\lst@newlines=\count299
\lst@lineno=\count300
\lst@maxwidth=\dimen186

(/usr/share/texlive/texmf-dist/tex/latex/listings/lstmisc.sty
File: lstmisc.sty 2020/03/24 1.8d (Carsten Heinz)
\c@lstnumber=\count301
\lst@skipnumbers=\count302
\lst@framebox=\box55
)
(/usr/share/texlive/texmf-dist/tex/latex/listings/listings.cfg
File: listings.cfg 2020/03/24 1.8d listings configuration
))
Package: listings 2020/03/24 1.8d (Carsten Heinz)

(/usr/share/texlive/texmf-dist/tex/latex/xcolor/xcolor.sty
Package: xcolor 2021/10/31 v2.13 LaTeX color extensions (UK)

(/usr/share/texlive/texmf-dist/tex/latex/graphics-cfg/color.cfg
File: color.cfg 2016/01/02 v1.6 sample color configuration
)
Package xcolor Info: Driver file: pdftex.def on input line 227.
Package xcolor Info: Model `cmy' substituted by `cmy0' on input line 1352.
Package xcolor Info: Model `hsb' substituted by `rgb' on input line 1356.
Package xcolor Info: Model `RGB' extended on input line 1368.
Package xcolor Info: Model `HTML' substituted by `rgb' on input line 1370.
Package xcolor Info: Model `Hsb' substituted by `hsb' on input line 1371.
Package xcolor Info: Model `tHsb' substituted by `hsb' on input line 1372.
Package xcolor Info: Model `HSB' substituted by `hsb' on input line 1373.
Package xcolor Info: Model `Gray' substituted by `gray' on input line 1374.
Package xcolor Info: Model `wave' substituted by `hsb' on input line 1375.
)
(/usr/share/texlive/texmf-dist/tex/latex/l3backend/l3backend-pdftex.def
File: l3backend-pdftex.def 2022-01-12 L3 backend support: PDF output (pdfTeX)
\l__color_backend_stack_int=\count303
\l__pdf_internal_box=\box56
)
(./sprawozdanie.aux)
\openout1 = `sprawozdanie.aux'.

LaTeX Font Info:    Checking defaults for OML/cmm/m/it on input line 48.
LaTeX Font Info:    ... okay on input line 48.
LaTeX Font Info:    Checking defaults for OMS/cmsy/m/n on input line 48.
LaTeX Font Info:    ... okay on input line 48.
LaTeX Font Info:    Checking defaults for OT1/cmr/m/n on input line 48.
LaTeX Font Info:    ... okay on input line 48.
LaTeX Font Info:    Checking defaults for T1/cmr/m/n on input line 48.
LaTeX Font Info:    ... okay on input line 48.
LaTeX Font Info:    Checking defaults for TS1/cmr/m/n on input line 48.
LaTeX Font Info:    ... okay on input line 48.
LaTeX Font Info:    Checking defaults for OMX/cmex/m/n on input line 48.
LaTeX Font Info:    ... okay on input line 48.
LaTeX Font Info:    Checking defaults for U/cmr/m/n on input line 48.
LaTeX Font Info:    ... okay on input line 48.
LaTeX Font Info:    Checking defaults for PD1/pdf/m/n on input line 48.
LaTeX Font Info:    ... okay on input line 48.
LaTeX Font Info:    Checking defaults for PU/pdf/m/n on input line 48.
LaTeX Font Info:    ... okay on input line 48.

(/usr/share/texlive/texmf-dist/tex/context/base/mkii/supp-pdf.mkii
[Loading MPS to PDF converter (version 2006.09.02).]
\scratchcounter=\count304
\scratchdimen=\dimen187
\scratchbox=\box57
\nofMPsegments=\count305
\nofMParguments=\count306
\everyMPshowfont=\toks28
\MPscratchCnt=\count307
\MPscratchDim=\dimen188
\MPnumerator=\count308
\makeMPintoPDFobject=\count309
\everyMPtoPDFconversion=\toks29
) (/usr/share/texlive/texmf-dist/tex/latex/epstopdf-pkg/epstopdf-base.sty
Package: epstopdf-base 2020-01-24 v2.11 Base part for package epstopdf
Package epstopdf-base Info: Redefining graphics rule for `.eps' on input line 4
85.

(/usr/share/texlive/texmf-dist/tex/latex/latexconfig/epstopdf-sys.cfg
File: epstopdf-sys.cfg 2010/07/13 v1.3 Configuration of (r)epstopdf for TeX Liv
e
))
Package caption Info: Begin \AtBeginDocument code.
Package caption Info: hyperref package is loaded.
Package caption Info: listings package is loaded.
Package caption Info: End \AtBeginDocument code.

*geometry* driver: auto-detecting
*geometry* detected driver: pdftex
*geometry* verbose mode - [ preamble ] result:
* driver: pdftex
* paper: a4paper
* layout: <same size as paper>
* layoutoffset:(h,v)=(0.0pt,0.0pt)
* modes: 
* h-part:(L,W,R)=(71.13188pt, 455.24411pt, 71.13188pt)
* v-part:(T,H,B)=(71.13188pt, 702.78308pt, 71.13188pt)
* \paperwidth=597.50787pt
* \paperheight=845.04684pt
* \textwidth=455.24411pt
* \textheight=702.78308pt
* \oddsidemargin=-1.1381pt
* \evensidemargin=-1.1381pt
* \topmargin=-38.1381pt
* \headheight=12.0pt
* \headsep=25.0pt
* \topskip=12.0pt
* \footskip=30.0pt
* \marginparwidth=35.0pt
* \marginparsep=10.0pt
* \columnsep=10.0pt
* \skip\footins=10.8pt plus 4.0pt minus 2.0pt
* \hoffset=0.0pt
* \voffset=0.0pt
* \mag=1000
* \@twocolumnfalse
* \@twosidefalse
* \@mparswitchfalse
* \@reversemarginfalse
* (1in=72.27pt=25.4mm, 1cm=28.453pt)

Package hyperref Info: Link coloring OFF on input line 48.
(/usr/share/texlive/texmf-dist/tex/latex/hyperref/nameref.sty
Package: nameref 2021-04-02 v2.47 Cross-referencing by name of section

(/usr/share/texlive/texmf-dist/tex/latex/refcount/refcount.sty
Package: refcount 2019/12/15 v3.6 Data extraction from label references (HO)
)
(/usr/share/texlive/texmf-dist/tex/generic/gettitlestring/gettitlestring.sty
Package: gettitlestring 2019/12/15 v1.6 Cleanup title references (HO)
)
\c@section@level=\count310
)
LaTeX Info: Redefining \ref on input line 48.
LaTeX Info: Redefining \pageref on input line 48.
LaTeX Info: Redefining \nameref on input line 48.

(./sprawozdanie.out) (./sprawozdanie.out)
\@outlinefile=\write3
\openout3 = `sprawozdanie.out'.

\c@lstlisting=\count311
 [1

{/var/lib/texmf/fonts/map/pdftex/updmap/pdftex.map}] (./sprawozdanie.toc
LaTeX Font Info:    Trying to load font information for U+msa on input line 3.

(/usr/share/texlive/texmf-dist/tex/latex/amsfonts/umsa.fd
File: umsa.fd 2013/01/14 v3.01 AMS symbols A
)
LaTeX Font Info:    Trying to load font information for U+msb on input line 3.

(/usr/share/texlive/texmf-dist/tex/latex/amsfonts/umsb.fd
File: umsb.fd 2013/01/14 v3.01 AMS symbols B
))
\tf@toc=\write4
\openout4 = `sprawozdanie.toc'.

pdfTeX warning (ext4): destination with the same identifier (name{page.1}) has 
been already used, duplicate ignored
<to be read again> 
                   \relax 
l.74 	\newpage
               [1]
LaTeX Font Info:    Trying to load font information for T1+cmtt on input line 7
9.
 (/usr/share/texlive/texmf-dist/tex/latex/base/t1cmtt.fd
File: t1cmtt.fd 2019/12/16 v2.5j Standard LaTeX font definitions
)
Overfull \hbox (22.555pt too wide) in paragraph at lines 79--80
\T1/cmr/m/n/12 Aplikacja zostaŞa zaimplementowana w j¦zyku Python z wykorzystan
iem biblioteki \T1/cmtt/m/n/12 Streamlit\T1/cmr/m/n/12 ,
 []


Overfull \hbox (17.45967pt too wide) in paragraph at lines 100--102
[]\T1/cmr/bx/n/12 Matplotlib \T1/cmr/m/n/12 -- generowanie wykresów (przebieg c
zasowy, parametry, pitch, klasyfikacja), 
 []


Overfull \hbox (9.43971pt too wide) in paragraph at lines 108--109
\T1/cmr/m/n/12 Poni»ej opisane sˇ jedynie rzeczy dodane do aplikacji w ramach p
rojektu 2. Opis pozostaŞych
 []


Overfull \hbox (2.95915pt too wide) in paragraph at lines 112--113
\T1/cmr/m/n/12 SygnaŞ wej±ciowy dzielony jest na ramki o zadanej dŞugo±ci (w mi
lisekundach) z okre±lonym
 []


Overfull \hbox (12.70276pt too wide) in paragraph at lines 112--113
\T1/cmr/m/n/12 nakŞadaniem (overlap). Dla ka»dej ramki obliczane sˇ parametry c
zasowe i cz¦stotliwo±ciowe. 
 []

[2] [3]
Overfull \hbox (24.488pt too wide) in paragraph at lines 240--242
\T1/cmr/m/n/12 Formanty wyznaczane sˇ bezpo±rednio z widma FFT poprzez wygŞadze
nie obwiedni spektralnej
 []

[4]
Overfull \hbox (9.94211pt too wide) in paragraph at lines 260--265
\T1/cmr/m/n/12 przez co mo»e identyfikowa˘ harmoniczne wysokiej energii zamiast
 rzeczywistych formantów.
 []


Overfull \hbox (14.1515pt too wide) in paragraph at lines 281--282
\T1/cmr/m/n/12 ZostaŞo ono podzielone na trzy segmenty odpowiadajˇce poszczegól
nym gŞoskom: samogŞosce
 []

[5]
<abe_a_fft_formants.png, id=150, 1465.475pt x 725.71124pt>
File: abe_a_fft_formants.png Graphic file (type png)
<use abe_a_fft_formants.png>
Package pdftex.def Info: abe_a_fft_formants.png  used on input line 303.
(pdftex.def)             Requested size: 364.19667pt x 180.34216pt.
<abe_b_fft_formants.png, id=152, 1465.475pt x 725.71124pt>
File: abe_b_fft_formants.png Graphic file (type png)
<use abe_b_fft_formants.png>
Package pdftex.def Info: abe_b_fft_formants.png  used on input line 305.
(pdftex.def)             Requested size: 364.19667pt x 180.34216pt.
<abe_e_fft_formants.png, id=153, 1465.475pt x 725.71124pt>
File: abe_e_fft_formants.png Graphic file (type png)
<use abe_e_fft_formants.png>
Package pdftex.def Info: abe_e_fft_formants.png  used on input line 307.
(pdftex.def)             Requested size: 364.19667pt x 180.34216pt.
 [6]
Overfull \hbox (10.96378pt too wide) in paragraph at lines 321--330
\T1/cmr/m/n/12 formantów. DokŞadniejszˇ estymacj¦ umo»liwiŞaby metoda LPC (Line
ar Predictive Coding),
 []

[7 <./abe_a_fft_formants.png> <./abe_b_fft_formants.png> <./abe_e_fft_formants.
png>]
<abe_a_widma.png, id=170, 1465.475pt x 514.92375pt>
File: abe_a_widma.png Graphic file (type png)
<use abe_a_widma.png>
Package pdftex.def Info: abe_a_widma.png  used on input line 344.
(pdftex.def)             Requested size: 386.96027pt x 135.95914pt.
<abe_b_widma.png, id=171, 1465.475pt x 514.92375pt>
File: abe_b_widma.png Graphic file (type png)
<use abe_b_widma.png>
Package pdftex.def Info: abe_b_widma.png  used on input line 345.
(pdftex.def)             Requested size: 386.96027pt x 135.95914pt.
<abe_e_widma.png, id=172, 1465.475pt x 514.92375pt>
File: abe_e_widma.png Graphic file (type png)
<use abe_e_widma.png>
Package pdftex.def Info: abe_e_widma.png  used on input line 346.
(pdftex.def)             Requested size: 386.96027pt x 135.95914pt.

Overfull \hbox (5.56549pt too wide) in paragraph at lines 352--354
\T1/cmr/m/n/12 Mimo »e warto±ci bezwzgl¦dne nie odpowiadajˇ typowym formantom, 
mo»na zaobserwowa˘
 []

[8 <./abe_a_widma.png> <./abe_b_widma.png> <./abe_e_widma.png>]
Overfull \hbox (2.7251pt too wide) in paragraph at lines 355--358
\T1/cmr/m/n/12 (F1 = 900 Hz, F2 = 1025 Hz), co jest zgodne z fonetycznˇ charakt
erystykˇ samogŞoski
 []


Overfull \hbox (27.50433pt too wide) in paragraph at lines 364--369
\T1/cmr/m/n/12 skŞadowym harmonicznym sˇsiednich samogŞosek lub artefaktom wyni
kajˇcym z krótko±ci
 []

<abe_spektogram.png, id=181, 1465.475pt x 557.08125pt>
File: abe_spektogram.png Graphic file (type png)
<use abe_spektogram.png>
Package pdftex.def Info: abe_spektogram.png  used on input line 375.
(pdftex.def)             Requested size: 386.96027pt x 147.0903pt.
<abe_a_cepstum.png, id=182, 1465.475pt x 409.53pt>
File: abe_a_cepstum.png Graphic file (type png)
<use abe_a_cepstum.png>
Package pdftex.def Info: abe_a_cepstum.png  used on input line 383.
(pdftex.def)             Requested size: 386.96027pt x 108.13124pt.
<abe_b_cepstum.png, id=183, 1465.475pt x 409.53pt>
File: abe_b_cepstum.png Graphic file (type png)
<use abe_b_cepstum.png>
Package pdftex.def Info: abe_b_cepstum.png  used on input line 384.
(pdftex.def)             Requested size: 386.96027pt x 108.13124pt.
<abe_e_cepstum.png, id=184, 1465.475pt x 409.53pt>
File: abe_e_cepstum.png Graphic file (type png)
<use abe_e_cepstum.png>
Package pdftex.def Info: abe_e_cepstum.png  used on input line 385.
(pdftex.def)             Requested size: 386.96027pt x 108.13124pt.
[9 <./abe_spektogram.png>]
Overfull \hbox (4.38998pt too wide) in paragraph at lines 397--398
[]\T1/cmr/m/n/12 W segmentach samogŞoskowych (\T1/cmr/m/it/12 a\T1/cmr/m/n/12 ,
 \T1/cmr/m/it/12 e\T1/cmr/m/n/12 ) widoczna jest regularna struktura harmoniczn
a
 []


Overfull \hbox (20.63258pt too wide) in paragraph at lines 404--405
\T1/cmr/m/n/12 Porównanie ró»nych funkcji okna (prostokˇtne, trójkˇtne, Hamming
a, von Hanna, Blackmana)
 []


Overfull \hbox (50.18268pt too wide) in paragraph at lines 407--408
\T1/cmr/m/n/12 bocznych (spectral leakage), co utrudnia rozró»nienie bliskich s
kŞadowych cz¦stotliwo±ciowych. 
 []

[10 <./abe_a_cepstum.png> <./abe_b_cepstum.png> <./abe_e_cepstum.png>]
Overfull \hbox (18.68996pt too wide) in paragraph at lines 415--416
[]\T1/cmr/m/n/12 Wyznaczone warto±ci formantów nie odpowiadajˇ warto±ciom refer
encyjnym z literatury
 []


Overfull \hbox (39.4996pt too wide) in paragraph at lines 415--416
\T1/cmr/m/n/12 fonetycznej. Prawdopodobnˇ przyczynˇ jest to, »e algorytm identy
fikuje piki harmonicznych
 []


Overfull \hbox (20.3107pt too wide) in paragraph at lines 415--416
\T1/cmr/m/n/12 F0 w widmie zamiast rezonansów traktu gŞosowego (formantów). Pop
rawne wyznaczanie
 []


Overfull \hbox (5.63216pt too wide) in paragraph at lines 415--416
\T1/cmr/m/n/12 formantów wymaga zastosowania analizy LPC (Linear Predictive Cod
ing) lub metody
 []


Overfull \hbox (3.17715pt too wide) in paragraph at lines 418--419
\T1/cmr/m/n/12 cz¦stotliwo±ciowˇ a tŞumieniem listków bocznych. Dla analizy mow
y okno Hamminga
 []


Overfull \hbox (15.48933pt too wide) in paragraph at lines 424--429
\T1/cmr/m/n/12 okienkowych, rysowanie spektrogramu z regulowanymi parametrami, 
estymacj¦ cz¦stotliwo±ci
 []


Overfull \hbox (28.37856pt too wide) in paragraph at lines 430--437
[]\T1/cmr/m/n/12 Analiza nagrania sŞowa ,,abe'' pozwoliŞa zaobserwowa˘ wyraąne 
ró»nice mi¦dzy samogŞoskami
 []


Overfull \hbox (3.67287pt too wide) in paragraph at lines 430--437
\T1/cmr/m/n/12 regularnˇ strukturˇ harmonicznˇ widocznˇ zarówno w widmie FFT, j
ak i na spektrogramie.
 []


Overfull \hbox (9.14606pt too wide) in paragraph at lines 438--444
\T1/cmr/m/n/12 odpowiada typowej warto±ci dla gŞosu m¦skiego. Estymacja formant
ów metodˇ wygŞadzania
 []


Overfull \hbox (28.3479pt too wide) in paragraph at lines 445--450
[]\T1/cmr/m/n/12 Porównanie funkcji okienkowych potwierdziŞo teoretyczny kompro
mis mi¦dzy rozdzielczo±ciˇ
 []


Overfull \hbox (15.04794pt too wide) in paragraph at lines 445--450
\T1/cmr/m/n/12 kosztem rozdzielczo±ci. Dla analizy sygnaŞu mowy okno Hamminga s
tanowi dobry kompromis
 []

[11] (./sprawozdanie.aux)
Package rerunfilecheck Info: File `sprawozdanie.out' has not changed.
(rerunfilecheck)             Checksum: 4D0BC45CC082FA0E85935324BD0843AF;3425.
 ) 
Here is how much of TeX's memory you used:
 14408 strings out of 480247
 226729 string characters out of 5896151
 524391 words of memory out of 5000000
 32122 multiletter control sequences out of 15000+600000
 482962 words of font info for 59 fonts, out of 8000000 for 9000
 14 hyphenation exceptions out of 8191
 60i,8n,63p,410b,404s stack positions out of 5000i,500n,10000p,200000b,80000s
 </home/joziop/.texlive2021/texmf-var/fonts/pk/ljfour/jknappen/ec/ecti1200.60
0pk> </home/joziop/.texlive2021/texmf-var/fonts/pk/ljfour/jknappen/ec/tcrm1200.
600pk> </home/joziop/.texlive2021/texmf-var/fonts/pk/ljfour/jknappen/ec/ecbx144
0.600pk> </home/joziop/.texlive2021/texmf-var/fonts/pk/ljfour/jknappen/ec/ectt1
200.600pk> </home/joziop/.texlive2021/texmf-var/fonts/pk/ljfour/jknappen/ec/ecr
m1200.600pk> </home/joziop/.texlive2021/texmf-var/fonts/pk/ljfour/jknappen/ec/e
cbx1200.600pk> </home/joziop/.texlive2021/texmf-var/fonts/pk/ljfour/jknappen/ec
/ecbx1728.600pk> </home/joziop/.texlive2021/texmf-var/fonts/pk/ljfour/jknappen/
ec/ecrm1728.600pk> </home/joziop/.texlive2021/texmf-var/fonts/pk/ljfour/jknappe
n/ec/ecbx2488.600pk> </home/joziop/.texlive2021/texmf-var/fonts/pk/ljfour/jknap
pen/ec/ecrm1440.600pk> </home/joziop/.texlive2021/texmf-var/fonts/pk/ljfour/jkn
appen/ec/ecbx2074.600pk></usr/share/texlive/texmf-dist/fonts/type1/public/amsfo
nts/cm/cmex10.pfb></usr/share/texlive/texmf-dist/fonts/type1/public/amsfonts/cm
/cmmi12.pfb></usr/share/texlive/texmf-dist/fonts/type1/public/amsfonts/cm/cmmi8
.pfb></usr/share/texlive/texmf-dist/fonts/type1/public/amsfonts/cm/cmr12.pfb></
usr/share/texlive/texmf-dist/fonts/type1/public/amsfonts/cm/cmr8.pfb></usr/shar
e/texlive/texmf-dist/fonts/type1/public/amsfonts/cm/cmsy10.pfb></usr/share/texl
ive/texmf-dist/fonts/type1/public/amsfonts/cm/cmsy8.pfb>
Output written on sprawozdanie.pdf (12 pages, 2673161 bytes).
PDF statistics:
 572 PDF objects out of 1000 (max. 8388607)
 235 compressed objects within 3 object streams
 47 named destinations out of 1000 (max. 500000)
 211 words of extra memory for PDF output out of 10000 (max. 10000000)

